
**** Build of configuration Debug for project lab2 ****

"C:\\ti\\ccsv8\\utils\\bin\\gmake" -k all 
 
Building file: "C:/ti/tivaware_c_series_2_1_4_178/examples/boards/ek-tm4c123gxl/drivers/buttons.c"
Invoking: ARM Compiler
"C:/ti/ccsv8/tools/compiler/ti-cgt-arm_18.1.4.LTS/bin/armcl" -mv7M4 --code_state=16 --float_support=FPv4SPD16 --abi=eabi -me -O2 --include_path="C:/ti/ccsv8/tools/compiler/ti-cgt-arm_18.1.4.LTS/include" --include_path="C:/ti/tivaware_c_series_2_1_4_178/examples/boards/ek-tm4c123gxl/drivers" --include_path="C:/ti/tivaware_c_series_2_1_4_178/examples/boards/ek-tm4c123gxl" --include_path="C:/ti/tivaware_c_series_2_1_4_178" --include_path="C:/ti/tivaware_c_series_2_1_4_178/examples/boards/ek-tm4c123gxl/drivers" --advice:power=all -g --gcc --define=ccs="ccs" --define=PART_TM4C123GH6PM --define=TARGET_IS_TM4C123_RB1 --diag_warning=225 --diag_wrap=off --display_error_number --gen_func_subsections=on --ual --preproc_with_compile --preproc_dependency="buttons.d_raw"  "C:/ti/tivaware_c_series_2_1_4_178/examples/boards/ek-tm4c123gxl/drivers/buttons.c"
Finished building: "C:/ti/tivaware_c_series_2_1_4_178/examples/boards/ek-tm4c123gxl/drivers/buttons.c"
 
Building file: "../lab2.c"
Invoking: ARM Compiler
"C:/ti/ccsv8/tools/compiler/ti-cgt-arm_18.1.4.LTS/bin/armcl" -mv7M4 --code_state=16 --float_support=FPv4SPD16 --abi=eabi -me -O2 --include_path="C:/ti/ccsv8/tools/compiler/ti-cgt-arm_18.1.4.LTS/include" --include_path="C:/ti/tivaware_c_series_2_1_4_178/examples/boards/ek-tm4c123gxl/drivers" --include_path="C:/ti/tivaware_c_series_2_1_4_178/examples/boards/ek-tm4c123gxl" --include_path="C:/ti/tivaware_c_series_2_1_4_178" --include_path="C:/ti/tivaware_c_series_2_1_4_178/examples/boards/ek-tm4c123gxl/drivers" --advice:power=all -g --gcc --define=ccs="ccs" --define=PART_TM4C123GH6PM --define=TARGET_IS_TM4C123_RB1 --diag_warning=225 --diag_wrap=off --display_error_number --gen_func_subsections=on --ual --preproc_with_compile --preproc_dependency="lab2.d_raw"  "../lab2.c"
"../lab2.c", line 51: remark #1527-D: (ULP 2.1) Detected SW delay loop using empty loop. Recommend using a timer module instead
Finished building: "../lab2.c"
 
Building file: "../startup_ccs.c"
Invoking: ARM Compiler
"C:/ti/ccsv8/tools/compiler/ti-cgt-arm_18.1.4.LTS/bin/armcl" -mv7M4 --code_state=16 --float_support=FPv4SPD16 --abi=eabi -me -O2 --include_path="C:/ti/ccsv8/tools/compiler/ti-cgt-arm_18.1.4.LTS/include" --include_path="C:/ti/tivaware_c_series_2_1_4_178/examples/boards/ek-tm4c123gxl/drivers" --include_path="C:/ti/tivaware_c_series_2_1_4_178/examples/boards/ek-tm4c123gxl" --include_path="C:/ti/tivaware_c_series_2_1_4_178" --include_path="C:/ti/tivaware_c_series_2_1_4_178/examples/boards/ek-tm4c123gxl/drivers" --advice:power=all -g --gcc --define=ccs="ccs" --define=PART_TM4C123GH6PM --define=TARGET_IS_TM4C123_RB1 --diag_warning=225 --diag_wrap=off --display_error_number --gen_func_subsections=on --ual --preproc_with_compile --preproc_dependency="startup_ccs.d_raw"  "../startup_ccs.c"
"../startup_ccs.c", line 256: remark #1527-D: (ULP 2.1) Detected SW delay loop using empty loop. Recommend using a timer module instead
"../startup_ccs.c", line 274: remark #1527-D: (ULP 2.1) Detected SW delay loop using empty loop. Recommend using a timer module instead
"../startup_ccs.c", line 292: remark #1527-D: (ULP 2.1) Detected SW delay loop using empty loop. Recommend using a timer module instead
Finished building: "../startup_ccs.c"
 
Building target: "lab2.out"
Invoking: ARM Linker
"C:/ti/ccsv8/tools/compiler/ti-cgt-arm_18.1.4.LTS/bin/armcl" -mv7M4 --code_state=16 --float_support=FPv4SPD16 --abi=eabi -me -O2 --advice:power=all -g --gcc --define=ccs="ccs" --define=PART_TM4C123GH6PM --define=TARGET_IS_TM4C123_RB1 --diag_warning=225 --diag_wrap=off --display_error_number --gen_func_subsections=on --ual -z -m"blinky_ccs.map" --stack_size=512 --heap_size=0 -i"C:/ti/ccsv8/tools/compiler/ti-cgt-arm_18.1.4.LTS/lib" -i"C:/ti/ccsv8/tools/compiler/ti-cgt-arm_18.1.4.LTS/include" --reread_libs --diag_wrap=off --display_error_number --warn_sections --xml_link_info="lab2_linkInfo.xml" --rom_model -o "lab2.out" "./buttons.obj" "./lab2.obj" "./startup_ccs.obj" "../blinky_ccs.cmd"  -llibc.a -l"C:/ti/tivaware_c_series_2_1_4_178/driverlib/ccs/Debug/driverlib.lib" 
<Linking>
remark #10371-D: (ULP 1.1) Detected no uses of low power mode state changing instructions
Finished building target: "lab2.out"
 
"C:/ti/ccsv8/utils/tiobj2bin/tiobj2bin" "lab2.out" "lab2.bin" "C:/ti/ccsv8/tools/compiler/ti-cgt-arm_18.1.4.LTS/bin/armofd" "C:/ti/ccsv8/tools/compiler/ti-cgt-arm_18.1.4.LTS/bin/armhex" "C:/ti/ccsv8/utils/tiobj2bin/mkhex4bin"
 

**** Build Finished ****
